[00:42:52] [info] ENIGMA: Initialized Log
[00:42:52] [warning] APP: Hello
[00:42:52] [warning] ENIGMA: Creating Window Enigma Engine v0.01 (720, 1280)
[00:42:52] [info] ENIGMA: MouseMovedEvent: 587, 9
[00:42:52] [info] ENIGMA: MouseMovedEvent: 595, 21
[00:42:52] [info] ENIGMA: MouseMovedEvent: 602, 32
[00:42:52] [info] ENIGMA: MouseMovedEvent: 608, 40
[00:42:52] [info] ENIGMA: MouseMovedEvent: 616, 48
[00:42:52] [info] ENIGMA: MouseMovedEvent: 622, 55
[00:42:52] [info] ENIGMA: MouseMovedEvent: 635, 67
[00:42:52] [info] ENIGMA: MouseMovedEvent: 640, 73
[00:42:52] [info] ENIGMA: MouseMovedEvent: 646, 81
[00:42:52] [info] ENIGMA: MouseMovedEvent: 651, 87
[00:42:52] [info] ENIGMA: MouseMovedEvent: 656, 95
[00:42:52] [info] ENIGMA: MouseMovedEvent: 661, 101
[00:42:52] [info] ENIGMA: MouseMovedEvent: 664, 107
[00:42:52] [info] ENIGMA: MouseMovedEvent: 667, 111
[00:42:52] [info] ENIGMA: MouseMovedEvent: 670, 114
[00:42:52] [info] ENIGMA: MouseMovedEvent: 673, 118
[00:42:52] [info] ENIGMA: MouseMovedEvent: 678, 123
[00:42:52] [info] ENIGMA: MouseMovedEvent: 683, 129
[00:42:53] [info] ENIGMA: MouseMovedEvent: 687, 133
[00:42:53] [info] ENIGMA: MouseMovedEvent: 693, 139
[00:42:53] [info] ENIGMA: MouseMovedEvent: 697, 144
[00:42:53] [info] ENIGMA: MouseMovedEvent: 700, 147
[00:42:53] [info] ENIGMA: MouseMovedEvent: 703, 149
[00:42:53] [info] ENIGMA: MouseMovedEvent: 708, 143
[00:42:53] [info] ENIGMA: MouseMovedEvent: 724, 118
[00:42:53] [info] ENIGMA: MouseMovedEvent: 732, 106
[00:42:53] [info] ENIGMA: MouseMovedEvent: 741, 93
[00:42:53] [info] ENIGMA: MouseMovedEvent: 746, 84
[00:42:53] [info] ENIGMA: MouseMovedEvent: 751, 77
[00:42:53] [info] ENIGMA: MouseMovedEvent: 756, 71
[00:42:53] [info] ENIGMA: MouseMovedEvent: 759, 66
[00:42:53] [info] ENIGMA: MouseMovedEvent: 762, 63
[00:42:53] [info] ENIGMA: MouseMovedEvent: 766, 59
[00:42:53] [info] ENIGMA: MouseMovedEvent: 771, 56
[00:42:53] [info] ENIGMA: MouseMovedEvent: 778, 51
[00:42:53] [info] ENIGMA: MouseMovedEvent: 785, 47
[00:42:53] [info] ENIGMA: MouseMovedEvent: 795, 42
[00:42:53] [info] ENIGMA: MouseMovedEvent: 805, 36
[00:42:53] [info] ENIGMA: MouseMovedEvent: 814, 31
[00:42:53] [info] ENIGMA: MouseMovedEvent: 823, 26
[00:42:53] [info] ENIGMA: MouseMovedEvent: 832, 20
[00:42:53] [info] ENIGMA: MouseMovedEvent: 840, 15
[00:42:53] [info] ENIGMA: MouseMovedEvent: 848, 8
[00:42:53] [info] ENIGMA: MouseMovedEvent: 855, 3
[00:42:56] [info] ENIGMA: MouseMovedEvent: 850, 3
[00:42:56] [info] ENIGMA: MouseMovedEvent: 826, 22
[00:42:56] [info] ENIGMA: MouseMovedEvent: 808, 37
[00:42:56] [info] ENIGMA: MouseMovedEvent: 790, 49
[00:42:56] [info] ENIGMA: MouseMovedEvent: 769, 65
[00:42:56] [info] ENIGMA: MouseMovedEvent: 750, 82
[00:42:56] [info] ENIGMA: MouseMovedEvent: 732, 104
[00:42:56] [info] ENIGMA: MouseMovedEvent: 717, 122
[00:42:56] [info] ENIGMA: MouseMovedEvent: 709, 136
[00:42:56] [info] ENIGMA: MouseMovedEvent: 704, 145
[00:42:56] [info] ENIGMA: MouseMovedEvent: 698, 156
[00:42:56] [info] ENIGMA: MouseMovedEvent: 696, 165
[00:42:56] [info] ENIGMA: MouseMovedEvent: 693, 177
[00:42:56] [info] ENIGMA: MouseMovedEvent: 692, 187
[00:42:56] [info] ENIGMA: MouseMovedEvent: 692, 197
[00:42:56] [info] ENIGMA: MouseMovedEvent: 692, 214
[00:42:56] [info] ENIGMA: MouseMovedEvent: 694, 228
[00:42:56] [info] ENIGMA: MouseMovedEvent: 697, 235
[00:42:56] [info] ENIGMA: MouseMovedEvent: 701, 244
[00:42:56] [info] ENIGMA: MouseMovedEvent: 705, 253
[00:42:56] [info] ENIGMA: MouseMovedEvent: 717, 268
[00:42:56] [info] ENIGMA: MouseMovedEvent: 726, 275
[00:42:56] [info] ENIGMA: MouseMovedEvent: 736, 280
[00:42:56] [info] ENIGMA: MouseMovedEvent: 746, 284
[00:42:56] [info] ENIGMA: MouseMovedEvent: 755, 286
[00:42:56] [info] ENIGMA: MouseMovedEvent: 763, 286
[00:42:56] [info] ENIGMA: MouseMovedEvent: 770, 286
[00:42:56] [info] ENIGMA: MouseMovedEvent: 777, 285
[00:42:56] [info] ENIGMA: MouseMovedEvent: 786, 280
[00:42:56] [info] ENIGMA: MouseMovedEvent: 797, 272
[00:42:56] [info] ENIGMA: MouseMovedEvent: 808, 261
[00:42:56] [info] ENIGMA: MouseMovedEvent: 821, 246
[00:42:56] [info] ENIGMA: MouseMovedEvent: 831, 232
[00:42:57] [info] ENIGMA: MouseMovedEvent: 837, 215
[00:42:57] [info] ENIGMA: MouseMovedEvent: 842, 191
[00:42:57] [info] ENIGMA: MouseMovedEvent: 845, 169
[00:42:57] [info] ENIGMA: MouseMovedEvent: 845, 151
[00:42:57] [info] ENIGMA: MouseMovedEvent: 845, 134
[00:42:57] [info] ENIGMA: MouseMovedEvent: 840, 115
[00:42:57] [info] ENIGMA: MouseMovedEvent: 836, 100
[00:42:57] [info] ENIGMA: MouseMovedEvent: 831, 87
[00:42:57] [info] ENIGMA: MouseMovedEvent: 824, 78
[00:42:57] [info] ENIGMA: MouseMovedEvent: 815, 70
[00:42:57] [info] ENIGMA: MouseMovedEvent: 804, 64
[00:42:57] [info] ENIGMA: MouseMovedEvent: 795, 58
[00:42:57] [info] ENIGMA: MouseMovedEvent: 783, 53
[00:42:57] [info] ENIGMA: MouseMovedEvent: 764, 49
[00:42:57] [info] ENIGMA: MouseMovedEvent: 741, 45
[00:42:57] [info] ENIGMA: MouseMovedEvent: 722, 42
[00:42:57] [info] ENIGMA: MouseMovedEvent: 709, 43
[00:42:57] [info] ENIGMA: MouseMovedEvent: 695, 44
[00:42:57] [info] ENIGMA: MouseMovedEvent: 683, 48
[00:42:57] [info] ENIGMA: MouseMovedEvent: 671, 52
[00:42:57] [info] ENIGMA: MouseMovedEvent: 659, 60
[00:42:57] [info] ENIGMA: MouseMovedEvent: 648, 71
[00:42:57] [info] ENIGMA: MouseMovedEvent: 636, 86
[00:42:57] [info] ENIGMA: MouseMovedEvent: 629, 101
[00:42:57] [info] ENIGMA: MouseMovedEvent: 622, 117
[00:42:57] [info] ENIGMA: MouseMovedEvent: 619, 130
[00:42:57] [info] ENIGMA: MouseMovedEvent: 617, 144
[00:42:57] [info] ENIGMA: MouseMovedEvent: 617, 159
[00:42:57] [info] ENIGMA: MouseMovedEvent: 617, 172
[00:42:57] [info] ENIGMA: MouseMovedEvent: 618, 182
[00:42:57] [info] ENIGMA: MouseMovedEvent: 621, 191
[00:42:57] [info] ENIGMA: MouseMovedEvent: 623, 198
[00:42:57] [info] ENIGMA: MouseMovedEvent: 628, 206
[00:42:57] [info] ENIGMA: MouseMovedEvent: 633, 212
[00:42:57] [info] ENIGMA: MouseMovedEvent: 639, 218
[00:42:57] [info] ENIGMA: MouseMovedEvent: 645, 224
[00:42:57] [info] ENIGMA: MouseMovedEvent: 653, 229
[00:42:57] [info] ENIGMA: MouseMovedEvent: 661, 236
[00:42:57] [info] ENIGMA: MouseMovedEvent: 668, 239
[00:42:57] [info] ENIGMA: MouseMovedEvent: 675, 242
[00:42:57] [info] ENIGMA: MouseMovedEvent: 685, 244
[00:42:57] [info] ENIGMA: MouseMovedEvent: 697, 244
[00:42:57] [info] ENIGMA: MouseMovedEvent: 714, 243
[00:42:57] [info] ENIGMA: MouseMovedEvent: 733, 240
[00:42:57] [info] ENIGMA: MouseMovedEvent: 747, 233
[00:42:57] [info] ENIGMA: MouseMovedEvent: 759, 226
[00:42:57] [info] ENIGMA: MouseMovedEvent: 770, 219
[00:42:57] [info] ENIGMA: MouseMovedEvent: 779, 213
[00:42:57] [info] ENIGMA: MouseMovedEvent: 787, 205
[00:42:57] [info] ENIGMA: MouseMovedEvent: 795, 192
[00:42:57] [info] ENIGMA: MouseMovedEvent: 805, 176
[00:42:57] [info] ENIGMA: MouseMovedEvent: 811, 158
[00:42:57] [info] ENIGMA: MouseMovedEvent: 815, 145
[00:42:57] [info] ENIGMA: MouseMovedEvent: 816, 131
[00:42:57] [info] ENIGMA: MouseMovedEvent: 816, 116
[00:42:57] [info] ENIGMA: MouseMovedEvent: 815, 103
[00:42:57] [info] ENIGMA: MouseMovedEvent: 811, 91
[00:42:57] [info] ENIGMA: MouseMovedEvent: 808, 82
[00:42:57] [info] ENIGMA: MouseMovedEvent: 803, 75
[00:42:57] [info] ENIGMA: MouseMovedEvent: 800, 70
[00:42:57] [info] ENIGMA: MouseMovedEvent: 796, 67
[00:42:57] [info] ENIGMA: MouseMovedEvent: 793, 65
[00:42:57] [info] ENIGMA: MouseMovedEvent: 787, 62
[00:42:57] [info] ENIGMA: MouseMovedEvent: 779, 58
[00:42:57] [info] ENIGMA: MouseMovedEvent: 767, 55
[00:42:57] [info] ENIGMA: MouseMovedEvent: 751, 53
[00:42:57] [info] ENIGMA: MouseMovedEvent: 733, 50
[00:42:57] [info] ENIGMA: MouseMovedEvent: 716, 50
[00:42:57] [info] ENIGMA: MouseMovedEvent: 701, 50
[00:42:57] [info] ENIGMA: MouseMovedEvent: 688, 50
[00:42:57] [info] ENIGMA: MouseMovedEvent: 661, 55
[00:42:57] [info] ENIGMA: MouseMovedEvent: 648, 61
[00:42:57] [info] ENIGMA: MouseMovedEvent: 636, 66
[00:42:57] [info] ENIGMA: MouseMovedEvent: 629, 73
[00:42:57] [info] ENIGMA: MouseMovedEvent: 623, 78
[00:42:57] [info] ENIGMA: MouseMovedEvent: 618, 84
[00:42:57] [info] ENIGMA: MouseMovedEvent: 615, 88
[00:42:57] [info] ENIGMA: MouseMovedEvent: 612, 94
[00:42:57] [info] ENIGMA: MouseMovedEvent: 610, 98
[00:42:57] [info] ENIGMA: MouseMovedEvent: 609, 103
[00:42:57] [info] ENIGMA: MouseMovedEvent: 608, 106
[00:42:57] [info] ENIGMA: MouseMovedEvent: 607, 110
[00:42:57] [info] ENIGMA: MouseMovedEvent: 607, 113
[00:42:57] [info] ENIGMA: MouseMovedEvent: 607, 116
[00:42:57] [info] ENIGMA: MouseMovedEvent: 607, 119
[00:42:57] [info] ENIGMA: MouseMovedEvent: 607, 121
[00:42:57] [info] ENIGMA: MouseMovedEvent: 607, 123
[00:42:57] [info] ENIGMA: MouseMovedEvent: 607, 126
[00:42:57] [info] ENIGMA: MouseMovedEvent: 607, 127
[00:42:57] [info] ENIGMA: MouseMovedEvent: 608, 128
[00:42:57] [info] ENIGMA: MouseMovedEvent: 609, 130
[00:42:57] [info] ENIGMA: MouseMovedEvent: 610, 131
[00:42:57] [info] ENIGMA: MouseMovedEvent: 612, 132
[00:42:57] [info] ENIGMA: MouseMovedEvent: 616, 132
[00:42:57] [info] ENIGMA: MouseMovedEvent: 621, 132
[00:42:57] [info] ENIGMA: MouseMovedEvent: 631, 132
[00:42:57] [info] ENIGMA: MouseMovedEvent: 645, 126
[00:42:57] [info] ENIGMA: MouseMovedEvent: 657, 121
[00:42:57] [info] ENIGMA: MouseMovedEvent: 668, 114
[00:42:57] [info] ENIGMA: MouseMovedEvent: 679, 108
[00:42:57] [info] ENIGMA: MouseMovedEvent: 688, 100
[00:42:57] [info] ENIGMA: MouseMovedEvent: 697, 90
[00:42:57] [info] ENIGMA: MouseMovedEvent: 707, 79
[00:42:57] [info] ENIGMA: MouseMovedEvent: 716, 68
[00:42:57] [info] ENIGMA: MouseMovedEvent: 724, 58
[00:42:57] [info] ENIGMA: MouseMovedEvent: 731, 47
[00:42:57] [info] ENIGMA: MouseMovedEvent: 735, 39
[00:42:57] [info] ENIGMA: MouseMovedEvent: 740, 33
[00:42:57] [info] ENIGMA: MouseMovedEvent: 742, 29
[00:42:57] [info] ENIGMA: MouseMovedEvent: 745, 26
[00:42:57] [info] ENIGMA: MouseMovedEvent: 746, 24
[00:42:57] [info] ENIGMA: MouseMovedEvent: 747, 22
[00:42:57] [info] ENIGMA: MouseMovedEvent: 747, 21
[00:42:57] [info] ENIGMA: MouseMovedEvent: 748, 20
[00:42:57] [info] ENIGMA: MouseMovedEvent: 749, 19
[00:42:57] [info] ENIGMA: MouseMovedEvent: 749, 18
[00:42:57] [info] ENIGMA: MouseMovedEvent: 750, 17
[00:42:57] [info] ENIGMA: MouseMovedEvent: 750, 16
[00:42:57] [info] ENIGMA: MouseMovedEvent: 751, 15
[00:42:57] [info] ENIGMA: MouseMovedEvent: 752, 13
[00:42:57] [info] ENIGMA: MouseMovedEvent: 754, 7
[00:42:57] [info] ENIGMA: MouseMovedEvent: 755, 5
[00:42:57] [info] ENIGMA: MouseMovedEvent: 756, 2
[00:42:57] [info] ENIGMA: MouseMovedEvent: 756, 0
[00:43:00] [info] ENIGMA: WindowClose
